Initialisation du journal log.
coucou
fin

Initialisation du journal log.
Initialisation du journal log.
1 1
fin

Initialisation du journal log.
coucou
coucou 2
test22
fin

fin

Initialisation du journal log.
Initialisation du journal log.


Initialisation du journal log.

Initialisation du journal log.

fin

Initialisation du journal log.




Initialisation du journal log.






Initialisation du journal log.
Initialisation du journal log.
coucou
Initialisation du journal log.
test
test
test
test
fin

fin

Initialisation du journal log.
test
tes
coucou
testts
fin

fin

